<html>
<head>
<title>TestNG:  VAT Calculator Regression Test Execution</title>
<link href="../testng.css" rel="stylesheet" type="text/css" />
<link href="../my-testng.css" rel="stylesheet" type="text/css" />

<style type="text/css">
.log { display: none;} 
.stack-trace { display: none;} 
</style>
<script type="text/javascript">
<!--
function flip(e) {
  current = e.style.display;
  if (current == 'block') {
    e.style.display = 'none';
    return 0;
  }
  else {
    e.style.display = 'block';
    return 1;
  }
}

function toggleBox(szDivId, elem, msg1, msg2)
{
  var res = -1;  if (document.getElementById) {
    res = flip(document.getElementById(szDivId));
  }
  else if (document.all) {
    // this is the way old msie versions work
    res = flip(document.all[szDivId]);
  }
  if(elem) {
    if(res == 0) elem.innerHTML = msg1; else elem.innerHTML = msg2;
  }

}

function toggleAllBoxes() {
  if (document.getElementsByTagName) {
    d = document.getElementsByTagName('div');
    for (i = 0; i < d.length; i++) {
      if (d[i].className == 'log') {
        flip(d[i]);
      }
    }
  }
}

// -->
</script>

</head>
<body>
<h2 align='center'>VAT Calculator Regression Test Execution</h2><table border='1' align="center">
<tr>
<td>Tests passed/Failed/Skipped:</td><td>6/1/0</td>
</tr><tr>
<td>Started on:</td><td>Sun Jun 29 21:31:04 WEST 2025</td>
</tr>
<tr><td>Total time:</td><td>29 seconds (29830 ms)</td>
</tr><tr>
<td>Included groups:</td><td></td>
</tr><tr>
<td>Excluded groups:</td><td></td>
</tr>
</table><p/>
<small><i>(Hover the method name to see the test class name)</i></small><p/>
<table width='100%' border='1' class='invocation-failed'>
<tr><td colspan='4' align='center'><b>FAILED TESTS</b></td></tr>
<tr><td><b>Test method</b></td>
<td><b>Attribute(s)</b></td>
<td width="30%"><b>Exception</b></td>
<td width="10%"><b>Time (seconds)</b></td>
<td><b>Instance</b></td>
</tr>
<tr>
<td title='runners.TestRunner.runScenario()'><b>runScenario</b><br>Test class: runners.TestRunner<br>Test method: Runs Cucumber Scenarios<br>Parameters: "Calculate VAT amounts when providing net amount", "VAT Calculator Functionality"</td>
<td><div><pre>org.openqa.selenium.ElementNotInteractableException: element not interactable
  (Session info: chrome=138.0.7204.50)
Build info: version: &apos;4.15.0&apos;, revision: &apos;1d14b5521b&apos;
System info: os.name: &apos;Windows 10&apos;, os.arch: &apos;amd64&apos;, os.version: &apos;10.0&apos;, java.version: &apos;21.0.7&apos;
Driver info: org.openqa.selenium.chrome.ChromeDriver
Command: [ca7f8eba70d79acfbe59a0a809153ff6, sendKeysToElement {id=f.59CE8EA8D4ED62D46BB908B8A2D68978.d.AD2D931F0169395495E384EB7837F628.e.16, value=[Ljava.lang.CharSequence;@65e22def}]
Capabilities {acceptInsecureCerts: false, browserName: chrome, browserVersion: 138.0.7204.50, chrome: {chromedriverVersion: 138.0.7204.49 (d2b48fd5f781..., userDataDir: C:\Users\JaneRose\AppData\L...}, fedcm:accounts: true, goog:chromeOptions: {debuggerAddress: localhost:60822}, networkConnectionEnabled: false, pageLoadStrategy: normal, platformName: windows, proxy: Proxy(), se:cdp: ws://localhost:60822/devtoo..., se:cdpVersion: 138.0.7204.50, setWindowRect: true, strictFileInteractability: false, timeouts: {implicit: 0, pageLoad: 300000, script: 30000}, unhandledPromptBehavior: dismiss and notify, webauthn:extension:credBlob: true, webauthn:extension:largeBlob: true, webauthn:extension:minPinLength: true, webauthn:extension:prf: true, webauthn:virtualAuthenticators: true}
Element: [[ChromeDriver: chrome on windows (ca7f8eba70d79acfbe59a0a809153ff6)] -&gt; id: NetPrice]
Session ID: ca7f8eba70d79acfbe59a0a809153ff6
	at org.openqa.selenium.remote.codec.w3c.W3CHttpResponseCodec.createException(W3CHttpResponseCodec.java:200)
	at org.openqa.selenium.remote.codec.w3c.W3CHttpResponseCodec.decode(W3CHttpResponseCodec.java:133)
	at org.openqa.selenium.remote.codec.w3c.W3CHttpResponseCodec.decode(W3CHttpResponseCodec.java:52)
	at org.openqa.selenium.remote.HttpCommandExecutor.execute(HttpCommandExecutor.java:191)
	at org.openqa.selenium.remote.service.DriverCommandExecutor.invokeExecute(DriverCommandExecutor.java:200)
	at org.openqa.selenium.remote.service.DriverCommandExecutor.execute(DriverCommandExecutor.java:175)
	at org.openqa.selenium.remote.RemoteWebDriver.execute(RemoteWebDriver.java:607)
	at org.openqa.selenium.remote.RemoteWebElement.execute(RemoteWebElement.java:224)
	at org.openqa.selenium.remote.RemoteWebElement.sendKeys(RemoteWebElement.java:111)
	at org.openqa.selenium.support.pagefactory.internal.LocatingElementHandler.invoke(LocatingElementHandler.java:51)
	at jdk.proxy2/jdk.proxy2.$Proxy23.sendKeys(Unknown Source)
	at pages.VATCalculatorPage.enterNetAmount(VATCalculatorPage.java:73)
	at stepDefinitions.VATCalculatorSteps.userEntersNetAmount(VATCalculatorSteps.java:41)
	at ✽.User enters &quot;999999999&quot; as the net amount(file:///C:/Calkoo-VATCalculator-Tests/calkoo-vat-calculator-tests/src/test/resources/features/vatcalculator.feature:20)
... Removed 5 stack frames</pre></div><a href='#' onClick='toggleBox("stack-trace275448142", this, "Click to show all stack frames", "Click to hide stack frames")'>Click to show all stack frames</a>
<div class='stack-trace' id='stack-trace275448142'><pre>org.openqa.selenium.ElementNotInteractableException: element not interactable
  (Session info: chrome=138.0.7204.50)
Build info: version: &apos;4.15.0&apos;, revision: &apos;1d14b5521b&apos;
System info: os.name: &apos;Windows 10&apos;, os.arch: &apos;amd64&apos;, os.version: &apos;10.0&apos;, java.version: &apos;21.0.7&apos;
Driver info: org.openqa.selenium.chrome.ChromeDriver
Command: [ca7f8eba70d79acfbe59a0a809153ff6, sendKeysToElement {id=f.59CE8EA8D4ED62D46BB908B8A2D68978.d.AD2D931F0169395495E384EB7837F628.e.16, value=[Ljava.lang.CharSequence;@65e22def}]
Capabilities {acceptInsecureCerts: false, browserName: chrome, browserVersion: 138.0.7204.50, chrome: {chromedriverVersion: 138.0.7204.49 (d2b48fd5f781..., userDataDir: C:\Users\JaneRose\AppData\L...}, fedcm:accounts: true, goog:chromeOptions: {debuggerAddress: localhost:60822}, networkConnectionEnabled: false, pageLoadStrategy: normal, platformName: windows, proxy: Proxy(), se:cdp: ws://localhost:60822/devtoo..., se:cdpVersion: 138.0.7204.50, setWindowRect: true, strictFileInteractability: false, timeouts: {implicit: 0, pageLoad: 300000, script: 30000}, unhandledPromptBehavior: dismiss and notify, webauthn:extension:credBlob: true, webauthn:extension:largeBlob: true, webauthn:extension:minPinLength: true, webauthn:extension:prf: true, webauthn:virtualAuthenticators: true}
Element: [[ChromeDriver: chrome on windows (ca7f8eba70d79acfbe59a0a809153ff6)] -&gt; id: NetPrice]
Session ID: ca7f8eba70d79acfbe59a0a809153ff6
	at java.base/jdk.internal.reflect.DirectConstructorHandleAccessor.newInstance(DirectConstructorHandleAccessor.java:62)
	at java.base/java.lang.reflect.Constructor.newInstanceWithCaller(Constructor.java:502)
	at java.base/java.lang.reflect.Constructor.newInstance(Constructor.java:486)
	at org.openqa.selenium.remote.codec.w3c.W3CHttpResponseCodec.createException(W3CHttpResponseCodec.java:200)
	at org.openqa.selenium.remote.codec.w3c.W3CHttpResponseCodec.decode(W3CHttpResponseCodec.java:133)
	at org.openqa.selenium.remote.codec.w3c.W3CHttpResponseCodec.decode(W3CHttpResponseCodec.java:52)
	at org.openqa.selenium.remote.HttpCommandExecutor.execute(HttpCommandExecutor.java:191)
	at org.openqa.selenium.remote.service.DriverCommandExecutor.invokeExecute(DriverCommandExecutor.java:200)
	at org.openqa.selenium.remote.service.DriverCommandExecutor.execute(DriverCommandExecutor.java:175)
	at org.openqa.selenium.remote.RemoteWebDriver.execute(RemoteWebDriver.java:607)
	at org.openqa.selenium.remote.RemoteWebElement.execute(RemoteWebElement.java:224)
	at org.openqa.selenium.remote.RemoteWebElement.sendKeys(RemoteWebElement.java:111)
	at java.base/jdk.internal.reflect.DirectMethodHandleAccessor.invoke(DirectMethodHandleAccessor.java:103)
	at java.base/java.lang.reflect.Method.invoke(Method.java:580)
	at org.openqa.selenium.support.pagefactory.internal.LocatingElementHandler.invoke(LocatingElementHandler.java:51)
	at jdk.proxy2/jdk.proxy2.$Proxy23.sendKeys(Unknown Source)
	at pages.VATCalculatorPage.enterNetAmount(VATCalculatorPage.java:73)
	at stepDefinitions.VATCalculatorSteps.userEntersNetAmount(VATCalculatorSteps.java:41)
	at ✽.User enters &quot;999999999&quot; as the net amount(file:///C:/Calkoo-VATCalculator-Tests/calkoo-vat-calculator-tests/src/test/resources/features/vatcalculator.feature:20)
</pre></div></td>
<td>3</td>
<td>runners.TestRunner@515aebb0</td></tr>
</table><p>
<table width='100%' border='1' class='invocation-passed'>
<tr><td colspan='4' align='center'><b>PASSED TESTS</b></td></tr>
<tr><td><b>Test method</b></td>
<td><b>Attribute(s)</b></td>
<td width="30%"><b>Exception</b></td>
<td width="10%"><b>Time (seconds)</b></td>
<td><b>Instance</b></td>
</tr>
<tr>
<td title='runners.TestRunner.runScenario()'><b>runScenario</b><br>Test class: runners.TestRunner<br>Test method: Runs Cucumber Scenarios<br>Parameters: "Verify tax rates are displayed based on selected country", "VAT Calculator Functionality"</td>
<td></td>
<td>5</td>
<td>runners.TestRunner@515aebb0</td></tr>
<tr>
<td title='runners.TestRunner.runScenario()'><b>runScenario</b><br>Test class: runners.TestRunner<br>Test method: Runs Cucumber Scenarios<br>Parameters: "Verify tax rates are displayed based on selected country", "VAT Calculator Functionality"</td>
<td></td>
<td>4</td>
<td>runners.TestRunner@515aebb0</td></tr>
<tr>
<td title='runners.TestRunner.runScenario()'><b>runScenario</b><br>Test class: runners.TestRunner<br>Test method: Runs Cucumber Scenarios<br>Parameters: "Calculate VAT amounts when providing net amount", "VAT Calculator Functionality"</td>
<td></td>
<td>4</td>
<td>runners.TestRunner@515aebb0</td></tr>
<tr>
<td title='runners.TestRunner.runScenario()'><b>runScenario</b><br>Test class: runners.TestRunner<br>Test method: Runs Cucumber Scenarios<br>Parameters: "Calculate VAT amounts when providing net amount", "VAT Calculator Functionality"</td>
<td></td>
<td>3</td>
<td>runners.TestRunner@515aebb0</td></tr>
<tr>
<td title='runners.TestRunner.runScenario()'><b>runScenario</b><br>Test class: runners.TestRunner<br>Test method: Runs Cucumber Scenarios<br>Parameters: "Verify tax rates are displayed based on selected country", "VAT Calculator Functionality"</td>
<td></td>
<td>4</td>
<td>runners.TestRunner@515aebb0</td></tr>
<tr>
<td title='runners.TestRunner.runScenario()'><b>runScenario</b><br>Test class: runners.TestRunner<br>Test method: Runs Cucumber Scenarios<br>Parameters: "Calculate VAT amounts when providing net amount", "VAT Calculator Functionality"</td>
<td></td>
<td>4</td>
<td>runners.TestRunner@515aebb0</td></tr>
</table><p>
</body>
</html>